Build started 12/1/2017 5:38:26 PM.
     1>Project "D:\share\down\hedcut-master\hedcuter\code\vc_files\hedcut.vcxproj" on node 2 (Build target(s)).
       Project file contains ToolsVersion="12.0". This toolset may be unknown or missing, in which case you may be able to resolve this by installing the appropriate version of MSBuild, or the build may have been forced to a particular ToolsVersion for policy reasons. Treating the project as if it had ToolsVersion="4.0". For more information, please see http://go.microsoft.com/fwlink/?LinkId=291333.
     1>ClCompile:
         C:\Program Files (x86)\Microsoft Visual Studio 11.0\VC\bin\x86_amd64\CL.exe /c /I"C:\opencv-2.4.9\build\include" /I../mathtool /I"D:\share\down\hedcut-master\hedcuter\code\vc_files\inc" /Zi /nologo /W3 /WX- /sdl /Od /D _MBCS /Gm /EHsc /RTC1 /MDd /GS /fp:precise /Zc:wchar_t /Zc:forScope /Fo"x64\Debug\\" /Fd"x64\Debug\vc110.pdb" /Gd /TP /errorReport:prompt ..\hedcut.cpp ..\main.cpp ..\wcvt.cpp ..\wcvt_gpu.cpp
         hedcut.cpp
         Generating Code...
         Compiling...
         wcvt_gpu.cpp
     1>..\wcvt_gpu.cpp(41): warning C4267: 'initializing' : conversion from 'size_t' to 'int', possible loss of data
         wcvt.cpp
     1>..\wcvt.cpp(107): warning C4267: 'initializing' : conversion from 'size_t' to 'int', possible loss of data
     1>..\wcvt.cpp(142): warning C4267: 'initializing' : conversion from 'size_t' to 'int', possible loss of data
         main.cpp
     1>d:\share\down\hedcut-master\hedcuter\code\simple_svg_1.0.0.hpp(468): warning C4520: 'svg::Polygon' : multiple default constructors specified
     1>d:\share\down\hedcut-master\hedcuter\code\simple_svg_1.0.0.hpp(505): warning C4520: 'svg::Polyline' : multiple default constructors specified
     1>..\main.cpp(14): warning C4267: 'initializing' : conversion from 'size_t' to 'int', possible loss of data
     1>..\main.cpp(15): warning C4267: 'initializing' : conversion from 'size_t' to 'int', possible loss of data
         Generating Code...
       Link:
         C:\Program Files (x86)\Microsoft Visual Studio 11.0\VC\bin\x86_amd64\link.exe /ERRORREPORT:PROMPT /OUT:"D:\share\down\hedcut-master\hedcuter\code\vc_files\x64\Debug\hedcut.exe" /INCREMENTAL /NOLOGO /LIBPATH:"C:\opencv-2.4.9\build\x64\vc11\lib" /LIBPATH:"D:\share\down\hedcut-master\hedcuter\code\vc_files\lib" glut32.lib opencv_highgui249d.lib opencv_core249d.lib opencv_imgproc249d.lib opencv_flann249d.lib opencv_contrib249d.lib opencv_features2d249d.lib kernel32.lib user32.lib gdi32.lib winspool.lib comdlg32.lib advapi32.lib shell32.lib ole32.lib oleaut32.lib uuid.lib odbc32.lib odbccp32.lib /MANIFEST /MANIFESTUAC:"level='asInvoker' uiAccess='false'" /manifest:embed /DEBUG /PDB:"D:\share\down\hedcut-master\hedcuter\code\vc_files\x64\Debug\hedcut.pdb" /TLBID:1 /DYNAMICBASE /NXCOMPAT /IMPLIB:"D:\share\down\hedcut-master\hedcuter\code\vc_files\x64\Debug\hedcut.lib" /MACHINE:X64 x64\Debug\hedcut.obj
         x64\Debug\main.obj
         x64\Debug\wcvt.obj
         x64\Debug\wcvt_gpu.obj
     1>wcvt_gpu.obj : error LNK2019: unresolved external symbol __imp___glutInitWithExit referenced in function glutInit_ATEXIT_HACK
     1>wcvt_gpu.obj : error LNK2019: unresolved external symbol __imp_glutInitDisplayMode referenced in function "private: void __cdecl CVT::run_GPU(int,char * *,class cv::Mat &)" (?run_GPU@CVT@@AEAAXHPEAPEADAEAVMat@cv@@@Z)
     1>wcvt_gpu.obj : error LNK2019: unresolved external symbol __imp_glutInitWindowPosition referenced in function "private: void __cdecl CVT::run_GPU(int,char * *,class cv::Mat &)" (?run_GPU@CVT@@AEAAXHPEAPEADAEAVMat@cv@@@Z)
     1>wcvt_gpu.obj : error LNK2019: unresolved external symbol __imp_glutInitWindowSize referenced in function "private: void __cdecl CVT::run_GPU(int,char * *,class cv::Mat &)" (?run_GPU@CVT@@AEAAXHPEAPEADAEAVMat@cv@@@Z)
     1>wcvt_gpu.obj : error LNK2019: unresolved external symbol __imp_glutMainLoop referenced in function "private: void __cdecl CVT::run_GPU(int,char * *,class cv::Mat &)" (?run_GPU@CVT@@AEAAXHPEAPEADAEAVMat@cv@@@Z)
     1>wcvt_gpu.obj : error LNK2019: unresolved external symbol __imp___glutCreateWindowWithExit referenced in function glutCreateWindow_ATEXIT_HACK
     1>wcvt_gpu.obj : error LNK2019: unresolved external symbol __imp_glutPostRedisplay referenced in function "void __cdecl idle_GPU(void)" (?idle_GPU@@YAXXZ)
     1>wcvt_gpu.obj : error LNK2019: unresolved external symbol __imp_glutSwapBuffers referenced in function "private: static void __cdecl CVT::display_GPU(void)" (?display_GPU@CVT@@CAXXZ)
     1>wcvt_gpu.obj : error LNK2019: unresolved external symbol __imp_glutDisplayFunc referenced in function "private: void __cdecl CVT::run_GPU(int,char * *,class cv::Mat &)" (?run_GPU@CVT@@AEAAXHPEAPEADAEAVMat@cv@@@Z)
     1>wcvt_gpu.obj : error LNK2019: unresolved external symbol __imp_glutKeyboardFunc referenced in function "private: void __cdecl CVT::run_GPU(int,char * *,class cv::Mat &)" (?run_GPU@CVT@@AEAAXHPEAPEADAEAVMat@cv@@@Z)
     1>wcvt_gpu.obj : error LNK2019: unresolved external symbol __imp_glutIdleFunc referenced in function "private: void __cdecl CVT::run_GPU(int,char * *,class cv::Mat &)" (?run_GPU@CVT@@AEAAXHPEAPEADAEAVMat@cv@@@Z)
     1>wcvt_gpu.obj : error LNK2019: unresolved external symbol __imp_glutSolidCone referenced in function "private: static void __cdecl CVT::vor_GPU(void)" (?vor_GPU@CVT@@CAXXZ)
     1>D:\share\down\hedcut-master\hedcuter\code\vc_files\x64\Debug\hedcut.exe : fatal error LNK1120: 12 unresolved externals
     1>Done Building Project "D:\share\down\hedcut-master\hedcuter\code\vc_files\hedcut.vcxproj" (Build target(s)) -- FAILED.

Build FAILED.

Time Elapsed 00:00:07.92
