D:\SHARE\DOWN\HEDCUT-MASTER\HEDCUTER\CODE\VC_FILES\DEBUG\HEDCUT.OBJ
D:\SHARE\DOWN\HEDCUT-MASTER\HEDCUTER\CODE\VC_FILES\DEBUG\MAIN.OBJ
D:\SHARE\DOWN\HEDCUT-MASTER\HEDCUTER\CODE\VC_FILES\DEBUG\WCVT.OBJ
D:\SHARE\DOWN\HEDCUT-MASTER\HEDCUTER\CODE\VC_FILES\DEBUG\WCVT_GPU.OBJ
D:\SHARE\DOWN\HEDCUT-MASTER\HEDCUTER\CODE\VC_FILES\DEBUG\VC110.PDB
D:\SHARE\DOWN\HEDCUT-MASTER\HEDCUTER - IMPROVE\CODE\VC_FILES\DEBUG\HEDCUT.OBJ
D:\SHARE\DOWN\HEDCUT-MASTER\HEDCUTER - IMPROVE\CODE\VC_FILES\DEBUG\MAIN.OBJ
D:\SHARE\DOWN\HEDCUT-MASTER\HEDCUTER - IMPROVE\CODE\VC_FILES\DEBUG\WCVT.OBJ
D:\SHARE\DOWN\HEDCUT-MASTER\HEDCUTER - IMPROVE\CODE\VC_FILES\DEBUG\WCVT_GPU.OBJ
D:\SHARE\DOWN\HEDCUT-MASTER\HEDCUTER - IMPROVE\CODE\VC_FILES\DEBUG\VC110.PDB
D:\SHARE\DOWN\HEDCUT-MASTER\HEDCUTER\CODE\VC_FILES\DEBUG\HEDCUT.ILK
D:\SHARE\DOWN\HEDCUT-MASTER\HEDCUTER\CODE\VC_FILES\DEBUG\HEDCUT.EXE
D:\SHARE\DOWN\HEDCUT-MASTER\HEDCUTER\CODE\VC_FILES\DEBUG\HEDCUT.PDB
D:\SHARE\DOWN\HEDCUT-MASTER\HEDCUTER - IMPROVE\CODE\VC_FILES\DEBUG\HEDCUT.ILK
D:\SHARE\DOWN\HEDCUT-MASTER\HEDCUTER - IMPROVE\CODE\VC_FILES\DEBUG\HEDCUT.EXE
D:\SHARE\DOWN\HEDCUT-MASTER\HEDCUTER - IMPROVE\CODE\VC_FILES\DEBUG\HEDCUT.PDB
D:\share\down\hedcut-master\hedcuter - improve\code\vc_files\Debug\hedcut.obj
D:\share\down\hedcut-master\hedcuter - improve\code\vc_files\Debug\main.obj
D:\share\down\hedcut-master\hedcuter - improve\code\vc_files\Debug\wcvt.obj
D:\share\down\hedcut-master\hedcuter - improve\code\vc_files\Debug\wcvt_gpu.obj
D:\share\down\hedcut-master\hedcuter - improve\code\vc_files\Debug\hedcut.ilk
D:\share\down\hedcut-master\hedcuter - improve\code\vc_files\Debug\cl.command.1.tlog
D:\share\down\hedcut-master\hedcuter - improve\code\vc_files\Debug\CL.read.1.tlog
D:\share\down\hedcut-master\hedcuter - improve\code\vc_files\Debug\CL.write.1.tlog
D:\share\down\hedcut-master\hedcuter - improve\code\vc_files\Debug\link-cvtres.read.1.tlog
D:\share\down\hedcut-master\hedcuter - improve\code\vc_files\Debug\link-cvtres.write.1.tlog
D:\share\down\hedcut-master\hedcuter - improve\code\vc_files\Debug\link-rc.read.1.tlog
D:\share\down\hedcut-master\hedcuter - improve\code\vc_files\Debug\link-rc.write.1.tlog
D:\share\down\hedcut-master\hedcuter - improve\code\vc_files\Debug\link.command.1.tlog
D:\share\down\hedcut-master\hedcuter - improve\code\vc_files\Debug\link.read.1.tlog
D:\share\down\hedcut-master\hedcuter - improve\code\vc_files\Debug\link.write.1.tlog
D:\share\down\hedcut-master\hedcuter - improve\code\vc_files\Debug\vc110.idb
D:\share\down\hedcut-master\hedcuter - improve\code\vc_files\Debug\hedcut.pdb
D:\share\down\hedcut-master\hedcuter - improve\code\vc_files\Debug\vc110.pdb
D:\share\down\hedcut-master\hedcuter - improve\code\vc_files\Debug\hedcut.exe
