The system is: Linux - 3.19.0-26-generic - x86_64
Compiling the C compiler identification source file "CMakeCCompilerId.c" succeeded.
Compiler: /usr/bin/cc 
Build flags: 
Id flags: 

The output was:
0


Compilation of the C compiler identification source "CMakeCCompilerId.c" produced "a.out"

The C compiler identification is GNU, found in "/home/sri/Triangulate/uncomp/hedcut-master/hedcut-master/hedcuter/code/CMakeFiles/2.8.12.2/CompilerIdC/a.out"

Compiling the CXX compiler identification source file "CMakeCXXCompilerId.cpp" succeeded.
Compiler: /usr/bin/c++ 
Build flags: 
Id flags: 

The output was:
0


Compilation of the CXX compiler identification source "CMakeCXXCompilerId.cpp" produced "a.out"

The CXX compiler identification is GNU, found in "/home/sri/Triangulate/uncomp/hedcut-master/hedcut-master/hedcuter/code/CMakeFiles/2.8.12.2/CompilerIdCXX/a.out"

Determining if the C compiler works passed with the following output:
Change Dir: /home/sri/Triangulate/uncomp/hedcut-master/hedcut-master/hedcuter/code/CMakeFiles/CMakeTmp

Run Build Command:/usr/bin/make "cmTryCompileExec1893709217/fast"
/usr/bin/make -f CMakeFiles/cmTryCompileExec1893709217.dir/build.make CMakeFiles/cmTryCompileExec1893709217.dir/build
make[1]: Entering directory `/home/sri/Triangulate/uncomp/hedcut-master/hedcut-master/hedcuter/code/CMakeFiles/CMakeTmp'
/usr/bin/cmake -E cmake_progress_report /home/sri/Triangulate/uncomp/hedcut-master/hedcut-master/hedcuter/code/CMakeFiles/CMakeTmp/CMakeFiles 1
Building C object CMakeFiles/cmTryCompileExec1893709217.dir/testCCompiler.c.o
/usr/bin/cc    -o CMakeFiles/cmTryCompileExec1893709217.dir/testCCompiler.c.o   -c /home/sri/Triangulate/uncomp/hedcut-master/hedcut-master/hedcuter/code/CMakeFiles/CMakeTmp/testCCompiler.c
Linking C executable cmTryCompileExec1893709217
/usr/bin/cmake -E cmake_link_script CMakeFiles/cmTryCompileExec1893709217.dir/link.txt --verbose=1
/usr/bin/cc       CMakeFiles/cmTryCompileExec1893709217.dir/testCCompiler.c.o  -o cmTryCompileExec1893709217 -rdynamic 
make[1]: Leaving directory `/home/sri/Triangulate/uncomp/hedcut-master/hedcut-master/hedcuter/code/CMakeFiles/CMakeTmp'


Detecting C compiler ABI info compiled with the following output:
Change Dir: /home/sri/Triangulate/uncomp/hedcut-master/hedcut-master/hedcuter/code/CMakeFiles/CMakeTmp

Run Build Command:/usr/bin/make "cmTryCompileExec3925749768/fast"
/usr/bin/make -f CMakeFiles/cmTryCompileExec3925749768.dir/build.make CMakeFiles/cmTryCompileExec3925749768.dir/build
make[1]: Entering directory `/home/sri/Triangulate/uncomp/hedcut-master/hedcut-master/hedcuter/code/CMakeFiles/CMakeTmp'
/usr/bin/cmake -E cmake_progress_report /home/sri/Triangulate/uncomp/hedcut-master/hedcut-master/hedcuter/code/CMakeFiles/CMakeTmp/CMakeFiles 1
Building C object CMakeFiles/cmTryCompileExec3925749768.dir/CMakeCCompilerABI.c.o
/usr/bin/cc    -o CMakeFiles/cmTryCompileExec3925749768.dir/CMakeCCompilerABI.c.o   -c /usr/share/cmake-2.8/Modules/CMakeCCompilerABI.c
Linking C executable cmTryCompileExec3925749768
/usr/bin/cmake -E cmake_link_script CMakeFiles/cmTryCompileExec3925749768.dir/link.txt --verbose=1
/usr/bin/cc     -v CMakeFiles/cmTryCompileExec3925749768.dir/CMakeCCompilerABI.c.o  -o cmTryCompileExec3925749768 -rdynamic  
Using built-in specs.
COLLECT_GCC=/usr/bin/cc
COLLECT_LTO_WRAPPER=/usr/lib/gcc/x86_64-linux-gnu/4.8/lto-wrapper
Target: x86_64-linux-gnu
Configured with: ../src/configure -v --with-pkgversion='Ubuntu 4.8.5-2ubuntu1~14.04.1' --with-bugurl=file:///usr/share/doc/gcc-4.8/README.Bugs --enable-languages=c,c++,java,go,d,fortran,objc,obj-c++ --prefix=/usr --program-suffix=-4.8 --enable-shared --enable-linker-build-id --libexecdir=/usr/lib --without-included-gettext --enable-threads=posix --with-gxx-include-dir=/usr/include/c++/4.8 --libdir=/usr/lib --enable-nls --with-sysroot=/ --enable-clocale=gnu --enable-libstdcxx-debug --enable-libstdcxx-time=yes --enable-gnu-unique-object --disable-libmudflap --enable-plugin --with-system-zlib --disable-browser-plugin --enable-java-awt=gtk --enable-gtk-cairo --with-java-home=/usr/lib/jvm/java-1.5.0-gcj-4.8-amd64/jre --enable-java-home --with-jvm-root-dir=/usr/lib/jvm/java-1.5.0-gcj-4.8-amd64 --with-jvm-jar-dir=/usr/lib/jvm-exports/java-1.5.0-gcj-4.8-amd64 --with-arch-directory=amd64 --with-ecj-jar=/usr/share/java/eclipse-ecj.jar --enable-objc-gc --enable-multiarch --disable-werror --with-arch-32=i686 --with-abi=m64 --with-multilib-list=m32,m64,mx32 --with-tune=generic --enable-checking=release --build=x86_64-linux-gnu --host=x86_64-linux-gnu --target=x86_64-linux-gnu
Thread model: posix
gcc version 4.8.5 (Ubuntu 4.8.5-2ubuntu1~14.04.1) 
COMPILER_PATH=/usr/lib/gcc/x86_64-linux-gnu/4.8/:/usr/lib/gcc/x86_64-linux-gnu/4.8/:/usr/lib/gcc/x86_64-linux-gnu/:/usr/lib/gcc/x86_64-linux-gnu/4.8/:/usr/lib/gcc/x86_64-linux-gnu/
LIBRARY_PATH=/usr/lib/gcc/x86_64-linux-gnu/4.8/:/usr/lib/gcc/x86_64-linux-gnu/4.8/../../../x86_64-linux-gnu/:/usr/lib/gcc/x86_64-linux-gnu/4.8/../../../../lib/:/lib/x86_64-linux-gnu/:/lib/../lib/:/usr/lib/x86_64-linux-gnu/:/usr/lib/../lib/:/usr/lib/gcc/x86_64-linux-gnu/4.8/../../../:/lib/:/usr/lib/
COLLECT_GCC_OPTIONS='-v' '-o' 'cmTryCompileExec3925749768' '-rdynamic' '-mtune=generic' '-march=x86-64'
 /usr/lib/gcc/x86_64-linux-gnu/4.8/collect2 --sysroot=/ --build-id --eh-frame-hdr -m elf_x86_64 --hash-style=gnu --as-needed -export-dynamic -dynamic-linker /lib64/ld-linux-x86-64.so.2 -z relro -o cmTryCompileExec3925749768 /usr/lib/gcc/x86_64-linux-gnu/4.8/../../../x86_64-linux-gnu/crt1.o /usr/lib/gcc/x86_64-linux-gnu/4.8/../../../x86_64-linux-gnu/crti.o /usr/lib/gcc/x86_64-linux-gnu/4.8/crtbegin.o -L/usr/lib/gcc/x86_64-linux-gnu/4.8 -L/usr/lib/gcc/x86_64-linux-gnu/4.8/../../../x86_64-linux-gnu -L/usr/lib/gcc/x86_64-linux-gnu/4.8/../../../../lib -L/lib/x86_64-linux-gnu -L/lib/../lib -L/usr/lib/x86_64-linux-gnu -L/usr/lib/../lib -L/usr/lib/gcc/x86_64-linux-gnu/4.8/../../.. CMakeFiles/cmTryCompileExec3925749768.dir/CMakeCCompilerABI.c.o -lgcc --as-needed -lgcc_s --no-as-needed -lc -lgcc --as-needed -lgcc_s --no-as-needed /usr/lib/gcc/x86_64-linux-gnu/4.8/crtend.o /usr/lib/gcc/x86_64-linux-gnu/4.8/../../../x86_64-linux-gnu/crtn.o
make[1]: Leaving directory `/home/sri/Triangulate/uncomp/hedcut-master/hedcut-master/hedcuter/code/CMakeFiles/CMakeTmp'


Parsed C implicit link information from above output:
  link line regex: [^( *|.*[/\])(ld|([^/\]+-)?ld|collect2)[^/\]*( |$)]
  ignore line: [Change Dir: /home/sri/Triangulate/uncomp/hedcut-master/hedcut-master/hedcuter/code/CMakeFiles/CMakeTmp]
  ignore line: []
  ignore line: [Run Build Command:/usr/bin/make "cmTryCompileExec3925749768/fast"]
  ignore line: [/usr/bin/make -f CMakeFiles/cmTryCompileExec3925749768.dir/build.make CMakeFiles/cmTryCompileExec3925749768.dir/build]
  ignore line: [make[1]: Entering directory `/home/sri/Triangulate/uncomp/hedcut-master/hedcut-master/hedcuter/code/CMakeFiles/CMakeTmp']
  ignore line: [/usr/bin/cmake -E cmake_progress_report /home/sri/Triangulate/uncomp/hedcut-master/hedcut-master/hedcuter/code/CMakeFiles/CMakeTmp/CMakeFiles 1]
  ignore line: [Building C object CMakeFiles/cmTryCompileExec3925749768.dir/CMakeCCompilerABI.c.o]
  ignore line: [/usr/bin/cc    -o CMakeFiles/cmTryCompileExec3925749768.dir/CMakeCCompilerABI.c.o   -c /usr/share/cmake-2.8/Modules/CMakeCCompilerABI.c]
  ignore line: [Linking C executable cmTryCompileExec3925749768]
  ignore line: [/usr/bin/cmake -E cmake_link_script CMakeFiles/cmTryCompileExec3925749768.dir/link.txt --verbose=1]
  ignore line: [/usr/bin/cc     -v CMakeFiles/cmTryCompileExec3925749768.dir/CMakeCCompilerABI.c.o  -o cmTryCompileExec3925749768 -rdynamic  ]
  ignore line: [Using built-in specs.]
  ignore line: [COLLECT_GCC=/usr/bin/cc]
  ignore line: [COLLECT_LTO_WRAPPER=/usr/lib/gcc/x86_64-linux-gnu/4.8/lto-wrapper]
  ignore line: [Target: x86_64-linux-gnu]
  ignore line: [Configured with: ../src/configure -v --with-pkgversion='Ubuntu 4.8.5-2ubuntu1~14.04.1' --with-bugurl=file:///usr/share/doc/gcc-4.8/README.Bugs --enable-languages=c,c++,java,go,d,fortran,objc,obj-c++ --prefix=/usr --program-suffix=-4.8 --enable-shared --enable-linker-build-id --libexecdir=/usr/lib --without-included-gettext --enable-threads=posix --with-gxx-include-dir=/usr/include/c++/4.8 --libdir=/usr/lib --enable-nls --with-sysroot=/ --enable-clocale=gnu --enable-libstdcxx-debug --enable-libstdcxx-time=yes --enable-gnu-unique-object --disable-libmudflap --enable-plugin --with-system-zlib --disable-browser-plugin --enable-java-awt=gtk --enable-gtk-cairo --with-java-home=/usr/lib/jvm/java-1.5.0-gcj-4.8-amd64/jre --enable-java-home --with-jvm-root-dir=/usr/lib/jvm/java-1.5.0-gcj-4.8-amd64 --with-jvm-jar-dir=/usr/lib/jvm-exports/java-1.5.0-gcj-4.8-amd64 --with-arch-directory=amd64 --with-ecj-jar=/usr/share/java/eclipse-ecj.jar --enable-objc-gc --enable-multiarch --disable-werror --with-arch-32=i686 --with-abi=m64 --with-multilib-list=m32,m64,mx32 --with-tune=generic --enable-checking=release --build=x86_64-linux-gnu --host=x86_64-linux-gnu --target=x86_64-linux-gnu]
  ignore line: [Thread model: posix]
  ignore line: [gcc version 4.8.5 (Ubuntu 4.8.5-2ubuntu1~14.04.1) ]
  ignore line: [COMPILER_PATH=/usr/lib/gcc/x86_64-linux-gnu/4.8/:/usr/lib/gcc/x86_64-linux-gnu/4.8/:/usr/lib/gcc/x86_64-linux-gnu/:/usr/lib/gcc/x86_64-linux-gnu/4.8/:/usr/lib/gcc/x86_64-linux-gnu/]
  ignore line: [LIBRARY_PATH=/usr/lib/gcc/x86_64-linux-gnu/4.8/:/usr/lib/gcc/x86_64-linux-gnu/4.8/../../../x86_64-linux-gnu/:/usr/lib/gcc/x86_64-linux-gnu/4.8/../../../../lib/:/lib/x86_64-linux-gnu/:/lib/../lib/:/usr/lib/x86_64-linux-gnu/:/usr/lib/../lib/:/usr/lib/gcc/x86_64-linux-gnu/4.8/../../../:/lib/:/usr/lib/]
  ignore line: [COLLECT_GCC_OPTIONS='-v' '-o' 'cmTryCompileExec3925749768' '-rdynamic' '-mtune=generic' '-march=x86-64']
  link line: [ /usr/lib/gcc/x86_64-linux-gnu/4.8/collect2 --sysroot=/ --build-id --eh-frame-hdr -m elf_x86_64 --hash-style=gnu --as-needed -export-dynamic -dynamic-linker /lib64/ld-linux-x86-64.so.2 -z relro -o cmTryCompileExec3925749768 /usr/lib/gcc/x86_64-linux-gnu/4.8/../../../x86_64-linux-gnu/crt1.o /usr/lib/gcc/x86_64-linux-gnu/4.8/../../../x86_64-linux-gnu/crti.o /usr/lib/gcc/x86_64-linux-gnu/4.8/crtbegin.o -L/usr/lib/gcc/x86_64-linux-gnu/4.8 -L/usr/lib/gcc/x86_64-linux-gnu/4.8/../../../x86_64-linux-gnu -L/usr/lib/gcc/x86_64-linux-gnu/4.8/../../../../lib -L/lib/x86_64-linux-gnu -L/lib/../lib -L/usr/lib/x86_64-linux-gnu -L/usr/lib/../lib -L/usr/lib/gcc/x86_64-linux-gnu/4.8/../../.. CMakeFiles/cmTryCompileExec3925749768.dir/CMakeCCompilerABI.c.o -lgcc --as-needed -lgcc_s --no-as-needed -lc -lgcc --as-needed -lgcc_s --no-as-needed /usr/lib/gcc/x86_64-linux-gnu/4.8/crtend.o /usr/lib/gcc/x86_64-linux-gnu/4.8/../../../x86_64-linux-gnu/crtn.o]
    arg [/usr/lib/gcc/x86_64-linux-gnu/4.8/collect2] ==> ignore
    arg [--sysroot=/] ==> ignore
    arg [--build-id] ==> ignore
    arg [--eh-frame-hdr] ==> ignore
    arg [-m] ==> ignore
    arg [elf_x86_64] ==> ignore
    arg [--hash-style=gnu] ==> ignore
    arg [--as-needed] ==> ignore
    arg [-export-dynamic] ==> ignore
    arg [-dynamic-linker] ==> ignore
    arg [/lib64/ld-linux-x86-64.so.2] ==> ignore
    arg [-zrelro] ==> ignore
    arg [-o] ==> ignore
    arg [cmTryCompileExec3925749768] ==> ignore
    arg [/usr/lib/gcc/x86_64-linux-gnu/4.8/../../../x86_64-linux-gnu/crt1.o] ==> ignore
    arg [/usr/lib/gcc/x86_64-linux-gnu/4.8/../../../x86_64-linux-gnu/crti.o] ==> ignore
    arg [/usr/lib/gcc/x86_64-linux-gnu/4.8/crtbegin.o] ==> ignore
    arg [-L/usr/lib/gcc/x86_64-linux-gnu/4.8] ==> dir [/usr/lib/gcc/x86_64-linux-gnu/4.8]
    arg [-L/usr/lib/gcc/x86_64-linux-gnu/4.8/../../../x86_64-linux-gnu] ==> dir [/usr/lib/gcc/x86_64-linux-gnu/4.8/../../../x86_64-linux-gnu]
    arg [-L/usr/lib/gcc/x86_64-linux-gnu/4.8/../../../../lib] ==> dir [/usr/lib/gcc/x86_64-linux-gnu/4.8/../../../../lib]
    arg [-L/lib/x86_64-linux-gnu] ==> dir [/lib/x86_64-linux-gnu]
    arg [-L/lib/../lib] ==> dir [/lib/../lib]
    arg [-L/usr/lib/x86_64-linux-gnu] ==> dir [/usr/lib/x86_64-linux-gnu]
    arg [-L/usr/lib/../lib] ==> dir [/usr/lib/../lib]
    arg [-L/usr/lib/gcc/x86_64-linux-gnu/4.8/../../..] ==> dir [/usr/lib/gcc/x86_64-linux-gnu/4.8/../../..]
    arg [CMakeFiles/cmTryCompileExec3925749768.dir/CMakeCCompilerABI.c.o] ==> ignore
    arg [-lgcc] ==> lib [gcc]
    arg [--as-needed] ==> ignore
    arg [-lgcc_s] ==> lib [gcc_s]
    arg [--no-as-needed] ==> ignore
    arg [-lc] ==> lib [c]
    arg [-lgcc] ==> lib [gcc]
    arg [--as-needed] ==> ignore
    arg [-lgcc_s] ==> lib [gcc_s]
    arg [--no-as-needed] ==> ignore
    arg [/usr/lib/gcc/x86_64-linux-gnu/4.8/crtend.o] ==> ignore
    arg [/usr/lib/gcc/x86_64-linux-gnu/4.8/../../../x86_64-linux-gnu/crtn.o] ==> ignore
  remove lib [gcc]
  remove lib [gcc_s]
  remove lib [gcc]
  remove lib [gcc_s]
  collapse library dir [/usr/lib/gcc/x86_64-linux-gnu/4.8] ==> [/usr/lib/gcc/x86_64-linux-gnu/4.8]
  collapse library dir [/usr/lib/gcc/x86_64-linux-gnu/4.8/../../../x86_64-linux-gnu] ==> [/usr/lib/x86_64-linux-gnu]
  collapse library dir [/usr/lib/gcc/x86_64-linux-gnu/4.8/../../../../lib] ==> [/usr/lib]
  collapse library dir [/lib/x86_64-linux-gnu] ==> [/lib/x86_64-linux-gnu]
  collapse library dir [/lib/../lib] ==> [/lib]
  collapse library dir [/usr/lib/x86_64-linux-gnu] ==> [/usr/lib/x86_64-linux-gnu]
  collapse library dir [/usr/lib/../lib] ==> [/usr/lib]
  collapse library dir [/usr/lib/gcc/x86_64-linux-gnu/4.8/../../..] ==> [/usr/lib]
  implicit libs: [c]
  implicit dirs: [/usr/lib/gcc/x86_64-linux-gnu/4.8;/usr/lib/x86_64-linux-gnu;/usr/lib;/lib/x86_64-linux-gnu;/lib]
  implicit fwks: []


Determining if the CXX compiler works passed with the following output:
Change Dir: /home/sri/Triangulate/uncomp/hedcut-master/hedcut-master/hedcuter/code/CMakeFiles/CMakeTmp

Run Build Command:/usr/bin/make "cmTryCompileExec2923300890/fast"
/usr/bin/make -f CMakeFiles/cmTryCompileExec2923300890.dir/build.make CMakeFiles/cmTryCompileExec2923300890.dir/build
make[1]: Entering directory `/home/sri/Triangulate/uncomp/hedcut-master/hedcut-master/hedcuter/code/CMakeFiles/CMakeTmp'
/usr/bin/cmake -E cmake_progress_report /home/sri/Triangulate/uncomp/hedcut-master/hedcut-master/hedcuter/code/CMakeFiles/CMakeTmp/CMakeFiles 1
Building CXX object CMakeFiles/cmTryCompileExec2923300890.dir/testCXXCompiler.cxx.o
/usr/bin/c++     -o CMakeFiles/cmTryCompileExec2923300890.dir/testCXXCompiler.cxx.o -c /home/sri/Triangulate/uncomp/hedcut-master/hedcut-master/hedcuter/code/CMakeFiles/CMakeTmp/testCXXCompiler.cxx
Linking CXX executable cmTryCompileExec2923300890
/usr/bin/cmake -E cmake_link_script CMakeFiles/cmTryCompileExec2923300890.dir/link.txt --verbose=1
/usr/bin/c++        CMakeFiles/cmTryCompileExec2923300890.dir/testCXXCompiler.cxx.o  -o cmTryCompileExec2923300890 -rdynamic 
make[1]: Leaving directory `/home/sri/Triangulate/uncomp/hedcut-master/hedcut-master/hedcuter/code/CMakeFiles/CMakeTmp'


Detecting CXX compiler ABI info compiled with the following output:
Change Dir: /home/sri/Triangulate/uncomp/hedcut-master/hedcut-master/hedcuter/code/CMakeFiles/CMakeTmp

Run Build Command:/usr/bin/make "cmTryCompileExec3002752760/fast"
/usr/bin/make -f CMakeFiles/cmTryCompileExec3002752760.dir/build.make CMakeFiles/cmTryCompileExec3002752760.dir/build
make[1]: Entering directory `/home/sri/Triangulate/uncomp/hedcut-master/hedcut-master/hedcuter/code/CMakeFiles/CMakeTmp'
/usr/bin/cmake -E cmake_progress_report /home/sri/Triangulate/uncomp/hedcut-master/hedcut-master/hedcuter/code/CMakeFiles/CMakeTmp/CMakeFiles 1
Building CXX object CMakeFiles/cmTryCompileExec3002752760.dir/CMakeCXXCompilerABI.cpp.o
/usr/bin/c++     -o CMakeFiles/cmTryCompileExec3002752760.dir/CMakeCXXCompilerABI.cpp.o -c /usr/share/cmake-2.8/Modules/CMakeCXXCompilerABI.cpp
Linking CXX executable cmTryCompileExec3002752760
/usr/bin/cmake -E cmake_link_script CMakeFiles/cmTryCompileExec3002752760.dir/link.txt --verbose=1
/usr/bin/c++      -v CMakeFiles/cmTryCompileExec3002752760.dir/CMakeCXXCompilerABI.cpp.o  -o cmTryCompileExec3002752760 -rdynamic  
Using built-in specs.
COLLECT_GCC=/usr/bin/c++
COLLECT_LTO_WRAPPER=/usr/lib/gcc/x86_64-linux-gnu/4.8/lto-wrapper
Target: x86_64-linux-gnu
Configured with: ../src/configure -v --with-pkgversion='Ubuntu 4.8.5-2ubuntu1~14.04.1' --with-bugurl=file:///usr/share/doc/gcc-4.8/README.Bugs --enable-languages=c,c++,java,go,d,fortran,objc,obj-c++ --prefix=/usr --program-suffix=-4.8 --enable-shared --enable-linker-build-id --libexecdir=/usr/lib --without-included-gettext --enable-threads=posix --with-gxx-include-dir=/usr/include/c++/4.8 --libdir=/usr/lib --enable-nls --with-sysroot=/ --enable-clocale=gnu --enable-libstdcxx-debug --enable-libstdcxx-time=yes --enable-gnu-unique-object --disable-libmudflap --enable-plugin --with-system-zlib --disable-browser-plugin --enable-java-awt=gtk --enable-gtk-cairo --with-java-home=/usr/lib/jvm/java-1.5.0-gcj-4.8-amd64/jre --enable-java-home --with-jvm-root-dir=/usr/lib/jvm/java-1.5.0-gcj-4.8-amd64 --with-jvm-jar-dir=/usr/lib/jvm-exports/java-1.5.0-gcj-4.8-amd64 --with-arch-directory=amd64 --with-ecj-jar=/usr/share/java/eclipse-ecj.jar --enable-objc-gc --enable-multiarch --disable-werror --with-arch-32=i686 --with-abi=m64 --with-multilib-list=m32,m64,mx32 --with-tune=generic --enable-checking=release --build=x86_64-linux-gnu --host=x86_64-linux-gnu --target=x86_64-linux-gnu
Thread model: posix
gcc version 4.8.5 (Ubuntu 4.8.5-2ubuntu1~14.04.1) 
COMPILER_PATH=/usr/lib/gcc/x86_64-linux-gnu/4.8/:/usr/lib/gcc/x86_64-linux-gnu/4.8/:/usr/lib/gcc/x86_64-linux-gnu/:/usr/lib/gcc/x86_64-linux-gnu/4.8/:/usr/lib/gcc/x86_64-linux-gnu/
LIBRARY_PATH=/usr/lib/gcc/x86_64-linux-gnu/4.8/:/usr/lib/gcc/x86_64-linux-gnu/4.8/../../../x86_64-linux-gnu/:/usr/lib/gcc/x86_64-linux-gnu/4.8/../../../../lib/:/lib/x86_64-linux-gnu/:/lib/../lib/:/usr/lib/x86_64-linux-gnu/:/usr/lib/../lib/:/usr/lib/gcc/x86_64-linux-gnu/4.8/../../../:/lib/:/usr/lib/
COLLECT_GCC_OPTIONS='-v' '-o' 'cmTryCompileExec3002752760' '-rdynamic' '-shared-libgcc' '-mtune=generic' '-march=x86-64'
 /usr/lib/gcc/x86_64-linux-gnu/4.8/collect2 --sysroot=/ --build-id --eh-frame-hdr -m elf_x86_64 --hash-style=gnu --as-needed -export-dynamic -dynamic-linker /lib64/ld-linux-x86-64.so.2 -z relro -o cmTryCompileExec3002752760 /usr/lib/gcc/x86_64-linux-gnu/4.8/../../../x86_64-linux-gnu/crt1.o /usr/lib/gcc/x86_64-linux-gnu/4.8/../../../x86_64-linux-gnu/crti.o /usr/lib/gcc/x86_64-linux-gnu/4.8/crtbegin.o -L/usr/lib/gcc/x86_64-linux-gnu/4.8 -L/usr/lib/gcc/x86_64-linux-gnu/4.8/../../../x86_64-linux-gnu -L/usr/lib/gcc/x86_64-linux-gnu/4.8/../../../../lib -L/lib/x86_64-linux-gnu -L/lib/../lib -L/usr/lib/x86_64-linux-gnu -L/usr/lib/../lib -L/usr/lib/gcc/x86_64-linux-gnu/4.8/../../.. CMakeFiles/cmTryCompileExec3002752760.dir/CMakeCXXCompilerABI.cpp.o -lstdc++ -lm -lgcc_s -lgcc -lc -lgcc_s -lgcc /usr/lib/gcc/x86_64-linux-gnu/4.8/crtend.o /usr/lib/gcc/x86_64-linux-gnu/4.8/../../../x86_64-linux-gnu/crtn.o
make[1]: Leaving directory `/home/sri/Triangulate/uncomp/hedcut-master/hedcut-master/hedcuter/code/CMakeFiles/CMakeTmp'


Parsed CXX implicit link information from above output:
  link line regex: [^( *|.*[/\])(ld|([^/\]+-)?ld|collect2)[^/\]*( |$)]
  ignore line: [Change Dir: /home/sri/Triangulate/uncomp/hedcut-master/hedcut-master/hedcuter/code/CMakeFiles/CMakeTmp]
  ignore line: []
  ignore line: [Run Build Command:/usr/bin/make "cmTryCompileExec3002752760/fast"]
  ignore line: [/usr/bin/make -f CMakeFiles/cmTryCompileExec3002752760.dir/build.make CMakeFiles/cmTryCompileExec3002752760.dir/build]
  ignore line: [make[1]: Entering directory `/home/sri/Triangulate/uncomp/hedcut-master/hedcut-master/hedcuter/code/CMakeFiles/CMakeTmp']
  ignore line: [/usr/bin/cmake -E cmake_progress_report /home/sri/Triangulate/uncomp/hedcut-master/hedcut-master/hedcuter/code/CMakeFiles/CMakeTmp/CMakeFiles 1]
  ignore line: [Building CXX object CMakeFiles/cmTryCompileExec3002752760.dir/CMakeCXXCompilerABI.cpp.o]
  ignore line: [/usr/bin/c++     -o CMakeFiles/cmTryCompileExec3002752760.dir/CMakeCXXCompilerABI.cpp.o -c /usr/share/cmake-2.8/Modules/CMakeCXXCompilerABI.cpp]
  ignore line: [Linking CXX executable cmTryCompileExec3002752760]
  ignore line: [/usr/bin/cmake -E cmake_link_script CMakeFiles/cmTryCompileExec3002752760.dir/link.txt --verbose=1]
  ignore line: [/usr/bin/c++      -v CMakeFiles/cmTryCompileExec3002752760.dir/CMakeCXXCompilerABI.cpp.o  -o cmTryCompileExec3002752760 -rdynamic  ]
  ignore line: [Using built-in specs.]
  ignore line: [COLLECT_GCC=/usr/bin/c++]
  ignore line: [COLLECT_LTO_WRAPPER=/usr/lib/gcc/x86_64-linux-gnu/4.8/lto-wrapper]
  ignore line: [Target: x86_64-linux-gnu]
  ignore line: [Configured with: ../src/configure -v --with-pkgversion='Ubuntu 4.8.5-2ubuntu1~14.04.1' --with-bugurl=file:///usr/share/doc/gcc-4.8/README.Bugs --enable-languages=c,c++,java,go,d,fortran,objc,obj-c++ --prefix=/usr --program-suffix=-4.8 --enable-shared --enable-linker-build-id --libexecdir=/usr/lib --without-included-gettext --enable-threads=posix --with-gxx-include-dir=/usr/include/c++/4.8 --libdir=/usr/lib --enable-nls --with-sysroot=/ --enable-clocale=gnu --enable-libstdcxx-debug --enable-libstdcxx-time=yes --enable-gnu-unique-object --disable-libmudflap --enable-plugin --with-system-zlib --disable-browser-plugin --enable-java-awt=gtk --enable-gtk-cairo --with-java-home=/usr/lib/jvm/java-1.5.0-gcj-4.8-amd64/jre --enable-java-home --with-jvm-root-dir=/usr/lib/jvm/java-1.5.0-gcj-4.8-amd64 --with-jvm-jar-dir=/usr/lib/jvm-exports/java-1.5.0-gcj-4.8-amd64 --with-arch-directory=amd64 --with-ecj-jar=/usr/share/java/eclipse-ecj.jar --enable-objc-gc --enable-multiarch --disable-werror --with-arch-32=i686 --with-abi=m64 --with-multilib-list=m32,m64,mx32 --with-tune=generic --enable-checking=release --build=x86_64-linux-gnu --host=x86_64-linux-gnu --target=x86_64-linux-gnu]
  ignore line: [Thread model: posix]
  ignore line: [gcc version 4.8.5 (Ubuntu 4.8.5-2ubuntu1~14.04.1) ]
  ignore line: [COMPILER_PATH=/usr/lib/gcc/x86_64-linux-gnu/4.8/:/usr/lib/gcc/x86_64-linux-gnu/4.8/:/usr/lib/gcc/x86_64-linux-gnu/:/usr/lib/gcc/x86_64-linux-gnu/4.8/:/usr/lib/gcc/x86_64-linux-gnu/]
  ignore line: [LIBRARY_PATH=/usr/lib/gcc/x86_64-linux-gnu/4.8/:/usr/lib/gcc/x86_64-linux-gnu/4.8/../../../x86_64-linux-gnu/:/usr/lib/gcc/x86_64-linux-gnu/4.8/../../../../lib/:/lib/x86_64-linux-gnu/:/lib/../lib/:/usr/lib/x86_64-linux-gnu/:/usr/lib/../lib/:/usr/lib/gcc/x86_64-linux-gnu/4.8/../../../:/lib/:/usr/lib/]
  ignore line: [COLLECT_GCC_OPTIONS='-v' '-o' 'cmTryCompileExec3002752760' '-rdynamic' '-shared-libgcc' '-mtune=generic' '-march=x86-64']
  link line: [ /usr/lib/gcc/x86_64-linux-gnu/4.8/collect2 --sysroot=/ --build-id --eh-frame-hdr -m elf_x86_64 --hash-style=gnu --as-needed -export-dynamic -dynamic-linker /lib64/ld-linux-x86-64.so.2 -z relro -o cmTryCompileExec3002752760 /usr/lib/gcc/x86_64-linux-gnu/4.8/../../../x86_64-linux-gnu/crt1.o /usr/lib/gcc/x86_64-linux-gnu/4.8/../../../x86_64-linux-gnu/crti.o /usr/lib/gcc/x86_64-linux-gnu/4.8/crtbegin.o -L/usr/lib/gcc/x86_64-linux-gnu/4.8 -L/usr/lib/gcc/x86_64-linux-gnu/4.8/../../../x86_64-linux-gnu -L/usr/lib/gcc/x86_64-linux-gnu/4.8/../../../../lib -L/lib/x86_64-linux-gnu -L/lib/../lib -L/usr/lib/x86_64-linux-gnu -L/usr/lib/../lib -L/usr/lib/gcc/x86_64-linux-gnu/4.8/../../.. CMakeFiles/cmTryCompileExec3002752760.dir/CMakeCXXCompilerABI.cpp.o -lstdc++ -lm -lgcc_s -lgcc -lc -lgcc_s -lgcc /usr/lib/gcc/x86_64-linux-gnu/4.8/crtend.o /usr/lib/gcc/x86_64-linux-gnu/4.8/../../../x86_64-linux-gnu/crtn.o]
    arg [/usr/lib/gcc/x86_64-linux-gnu/4.8/collect2] ==> ignore
    arg [--sysroot=/] ==> ignore
    arg [--build-id] ==> ignore
    arg [--eh-frame-hdr] ==> ignore
    arg [-m] ==> ignore
    arg [elf_x86_64] ==> ignore
    arg [--hash-style=gnu] ==> ignore
    arg [--as-needed] ==> ignore
    arg [-export-dynamic] ==> ignore
    arg [-dynamic-linker] ==> ignore
    arg [/lib64/ld-linux-x86-64.so.2] ==> ignore
    arg [-zrelro] ==> ignore
    arg [-o] ==> ignore
    arg [cmTryCompileExec3002752760] ==> ignore
    arg [/usr/lib/gcc/x86_64-linux-gnu/4.8/../../../x86_64-linux-gnu/crt1.o] ==> ignore
    arg [/usr/lib/gcc/x86_64-linux-gnu/4.8/../../../x86_64-linux-gnu/crti.o] ==> ignore
    arg [/usr/lib/gcc/x86_64-linux-gnu/4.8/crtbegin.o] ==> ignore
    arg [-L/usr/lib/gcc/x86_64-linux-gnu/4.8] ==> dir [/usr/lib/gcc/x86_64-linux-gnu/4.8]
    arg [-L/usr/lib/gcc/x86_64-linux-gnu/4.8/../../../x86_64-linux-gnu] ==> dir [/usr/lib/gcc/x86_64-linux-gnu/4.8/../../../x86_64-linux-gnu]
    arg [-L/usr/lib/gcc/x86_64-linux-gnu/4.8/../../../../lib] ==> dir [/usr/lib/gcc/x86_64-linux-gnu/4.8/../../../../lib]
    arg [-L/lib/x86_64-linux-gnu] ==> dir [/lib/x86_64-linux-gnu]
    arg [-L/lib/../lib] ==> dir [/lib/../lib]
    arg [-L/usr/lib/x86_64-linux-gnu] ==> dir [/usr/lib/x86_64-linux-gnu]
    arg [-L/usr/lib/../lib] ==> dir [/usr/lib/../lib]
    arg [-L/usr/lib/gcc/x86_64-linux-gnu/4.8/../../..] ==> dir [/usr/lib/gcc/x86_64-linux-gnu/4.8/../../..]
    arg [CMakeFiles/cmTryCompileExec3002752760.dir/CMakeCXXCompilerABI.cpp.o] ==> ignore
    arg [-lstdc++] ==> lib [stdc++]
    arg [-lm] ==> lib [m]
    arg [-lgcc_s] ==> lib [gcc_s]
    arg [-lgcc] ==> lib [gcc]
    arg [-lc] ==> lib [c]
    arg [-lgcc_s] ==> lib [gcc_s]
    arg [-lgcc] ==> lib [gcc]
    arg [/usr/lib/gcc/x86_64-linux-gnu/4.8/crtend.o] ==> ignore
    arg [/usr/lib/gcc/x86_64-linux-gnu/4.8/../../../x86_64-linux-gnu/crtn.o] ==> ignore
  remove lib [gcc_s]
  remove lib [gcc]
  remove lib [gcc_s]
  remove lib [gcc]
  collapse library dir [/usr/lib/gcc/x86_64-linux-gnu/4.8] ==> [/usr/lib/gcc/x86_64-linux-gnu/4.8]
  collapse library dir [/usr/lib/gcc/x86_64-linux-gnu/4.8/../../../x86_64-linux-gnu] ==> [/usr/lib/x86_64-linux-gnu]
  collapse library dir [/usr/lib/gcc/x86_64-linux-gnu/4.8/../../../../lib] ==> [/usr/lib]
  collapse library dir [/lib/x86_64-linux-gnu] ==> [/lib/x86_64-linux-gnu]
  collapse library dir [/lib/../lib] ==> [/lib]
  collapse library dir [/usr/lib/x86_64-linux-gnu] ==> [/usr/lib/x86_64-linux-gnu]
  collapse library dir [/usr/lib/../lib] ==> [/usr/lib]
  collapse library dir [/usr/lib/gcc/x86_64-linux-gnu/4.8/../../..] ==> [/usr/lib]
  implicit libs: [stdc++;m;c]
  implicit dirs: [/usr/lib/gcc/x86_64-linux-gnu/4.8;/usr/lib/x86_64-linux-gnu;/usr/lib;/lib/x86_64-linux-gnu;/lib]
  implicit fwks: []


Determining if the function XOpenDisplay exists in the /usr/lib/x86_64-linux-gnu/libX11.so;/usr/lib/x86_64-linux-gnu/libXext.so passed with the following output:
Change Dir: /home/sri/Triangulate/uncomp/hedcut-master/hedcut-master/hedcuter/code/CMakeFiles/CMakeTmp

Run Build Command:/usr/bin/make "cmTryCompileExec746738321/fast"
/usr/bin/make -f CMakeFiles/cmTryCompileExec746738321.dir/build.make CMakeFiles/cmTryCompileExec746738321.dir/build
make[1]: Entering directory `/home/sri/Triangulate/uncomp/hedcut-master/hedcut-master/hedcuter/code/CMakeFiles/CMakeTmp'
/usr/bin/cmake -E cmake_progress_report /home/sri/Triangulate/uncomp/hedcut-master/hedcut-master/hedcuter/code/CMakeFiles/CMakeTmp/CMakeFiles 1
Building C object CMakeFiles/cmTryCompileExec746738321.dir/CheckFunctionExists.c.o
/usr/bin/cc   -DCHECK_FUNCTION_EXISTS=XOpenDisplay   -o CMakeFiles/cmTryCompileExec746738321.dir/CheckFunctionExists.c.o   -c /usr/share/cmake-2.8/Modules/CheckFunctionExists.c
Linking C executable cmTryCompileExec746738321
/usr/bin/cmake -E cmake_link_script CMakeFiles/cmTryCompileExec746738321.dir/link.txt --verbose=1
/usr/bin/cc   -DCHECK_FUNCTION_EXISTS=XOpenDisplay    CMakeFiles/cmTryCompileExec746738321.dir/CheckFunctionExists.c.o  -o cmTryCompileExec746738321 -rdynamic -lX11 -lXext 
make[1]: Leaving directory `/home/sri/Triangulate/uncomp/hedcut-master/hedcut-master/hedcuter/code/CMakeFiles/CMakeTmp'


Determining if the function gethostbyname exists passed with the following output:
Change Dir: /home/sri/Triangulate/uncomp/hedcut-master/hedcut-master/hedcuter/code/CMakeFiles/CMakeTmp

Run Build Command:/usr/bin/make "cmTryCompileExec3734588840/fast"
/usr/bin/make -f CMakeFiles/cmTryCompileExec3734588840.dir/build.make CMakeFiles/cmTryCompileExec3734588840.dir/build
make[1]: Entering directory `/home/sri/Triangulate/uncomp/hedcut-master/hedcut-master/hedcuter/code/CMakeFiles/CMakeTmp'
/usr/bin/cmake -E cmake_progress_report /home/sri/Triangulate/uncomp/hedcut-master/hedcut-master/hedcuter/code/CMakeFiles/CMakeTmp/CMakeFiles 1
Building C object CMakeFiles/cmTryCompileExec3734588840.dir/CheckFunctionExists.c.o
/usr/bin/cc   -DCHECK_FUNCTION_EXISTS=gethostbyname   -o CMakeFiles/cmTryCompileExec3734588840.dir/CheckFunctionExists.c.o   -c /usr/share/cmake-2.8/Modules/CheckFunctionExists.c
Linking C executable cmTryCompileExec3734588840
/usr/bin/cmake -E cmake_link_script CMakeFiles/cmTryCompileExec3734588840.dir/link.txt --verbose=1
/usr/bin/cc   -DCHECK_FUNCTION_EXISTS=gethostbyname    CMakeFiles/cmTryCompileExec3734588840.dir/CheckFunctionExists.c.o  -o cmTryCompileExec3734588840 -rdynamic 
make[1]: Leaving directory `/home/sri/Triangulate/uncomp/hedcut-master/hedcut-master/hedcuter/code/CMakeFiles/CMakeTmp'


Determining if the function connect exists passed with the following output:
Change Dir: /home/sri/Triangulate/uncomp/hedcut-master/hedcut-master/hedcuter/code/CMakeFiles/CMakeTmp

Run Build Command:/usr/bin/make "cmTryCompileExec1469291370/fast"
/usr/bin/make -f CMakeFiles/cmTryCompileExec1469291370.dir/build.make CMakeFiles/cmTryCompileExec1469291370.dir/build
make[1]: Entering directory `/home/sri/Triangulate/uncomp/hedcut-master/hedcut-master/hedcuter/code/CMakeFiles/CMakeTmp'
/usr/bin/cmake -E cmake_progress_report /home/sri/Triangulate/uncomp/hedcut-master/hedcut-master/hedcuter/code/CMakeFiles/CMakeTmp/CMakeFiles 1
Building C object CMakeFiles/cmTryCompileExec1469291370.dir/CheckFunctionExists.c.o
/usr/bin/cc   -DCHECK_FUNCTION_EXISTS=connect   -o CMakeFiles/cmTryCompileExec1469291370.dir/CheckFunctionExists.c.o   -c /usr/share/cmake-2.8/Modules/CheckFunctionExists.c
Linking C executable cmTryCompileExec1469291370
/usr/bin/cmake -E cmake_link_script CMakeFiles/cmTryCompileExec1469291370.dir/link.txt --verbose=1
/usr/bin/cc   -DCHECK_FUNCTION_EXISTS=connect    CMakeFiles/cmTryCompileExec1469291370.dir/CheckFunctionExists.c.o  -o cmTryCompileExec1469291370 -rdynamic 
make[1]: Leaving directory `/home/sri/Triangulate/uncomp/hedcut-master/hedcut-master/hedcuter/code/CMakeFiles/CMakeTmp'


Determining if the function remove exists passed with the following output:
Change Dir: /home/sri/Triangulate/uncomp/hedcut-master/hedcut-master/hedcuter/code/CMakeFiles/CMakeTmp

Run Build Command:/usr/bin/make "cmTryCompileExec2999483312/fast"
/usr/bin/make -f CMakeFiles/cmTryCompileExec2999483312.dir/build.make CMakeFiles/cmTryCompileExec2999483312.dir/build
make[1]: Entering directory `/home/sri/Triangulate/uncomp/hedcut-master/hedcut-master/hedcuter/code/CMakeFiles/CMakeTmp'
/usr/bin/cmake -E cmake_progress_report /home/sri/Triangulate/uncomp/hedcut-master/hedcut-master/hedcuter/code/CMakeFiles/CMakeTmp/CMakeFiles 1
Building C object CMakeFiles/cmTryCompileExec2999483312.dir/CheckFunctionExists.c.o
/usr/bin/cc   -DCHECK_FUNCTION_EXISTS=remove   -o CMakeFiles/cmTryCompileExec2999483312.dir/CheckFunctionExists.c.o   -c /usr/share/cmake-2.8/Modules/CheckFunctionExists.c
Linking C executable cmTryCompileExec2999483312
/usr/bin/cmake -E cmake_link_script CMakeFiles/cmTryCompileExec2999483312.dir/link.txt --verbose=1
/usr/bin/cc   -DCHECK_FUNCTION_EXISTS=remove    CMakeFiles/cmTryCompileExec2999483312.dir/CheckFunctionExists.c.o  -o cmTryCompileExec2999483312 -rdynamic 
make[1]: Leaving directory `/home/sri/Triangulate/uncomp/hedcut-master/hedcut-master/hedcuter/code/CMakeFiles/CMakeTmp'


Determining if the function shmat exists passed with the following output:
Change Dir: /home/sri/Triangulate/uncomp/hedcut-master/hedcut-master/hedcuter/code/CMakeFiles/CMakeTmp

Run Build Command:/usr/bin/make "cmTryCompileExec559516707/fast"
/usr/bin/make -f CMakeFiles/cmTryCompileExec559516707.dir/build.make CMakeFiles/cmTryCompileExec559516707.dir/build
make[1]: Entering directory `/home/sri/Triangulate/uncomp/hedcut-master/hedcut-master/hedcuter/code/CMakeFiles/CMakeTmp'
/usr/bin/cmake -E cmake_progress_report /home/sri/Triangulate/uncomp/hedcut-master/hedcut-master/hedcuter/code/CMakeFiles/CMakeTmp/CMakeFiles 1
Building C object CMakeFiles/cmTryCompileExec559516707.dir/CheckFunctionExists.c.o
/usr/bin/cc   -DCHECK_FUNCTION_EXISTS=shmat   -o CMakeFiles/cmTryCompileExec559516707.dir/CheckFunctionExists.c.o   -c /usr/share/cmake-2.8/Modules/CheckFunctionExists.c
Linking C executable cmTryCompileExec559516707
/usr/bin/cmake -E cmake_link_script CMakeFiles/cmTryCompileExec559516707.dir/link.txt --verbose=1
/usr/bin/cc   -DCHECK_FUNCTION_EXISTS=shmat    CMakeFiles/cmTryCompileExec559516707.dir/CheckFunctionExists.c.o  -o cmTryCompileExec559516707 -rdynamic 
make[1]: Leaving directory `/home/sri/Triangulate/uncomp/hedcut-master/hedcut-master/hedcuter/code/CMakeFiles/CMakeTmp'


Determining if the function IceConnectionNumber exists in the ICE passed with the following output:
Change Dir: /home/sri/Triangulate/uncomp/hedcut-master/hedcut-master/hedcuter/code/CMakeFiles/CMakeTmp

Run Build Command:/usr/bin/make "cmTryCompileExec1004683159/fast"
/usr/bin/make -f CMakeFiles/cmTryCompileExec1004683159.dir/build.make CMakeFiles/cmTryCompileExec1004683159.dir/build
make[1]: Entering directory `/home/sri/Triangulate/uncomp/hedcut-master/hedcut-master/hedcuter/code/CMakeFiles/CMakeTmp'
/usr/bin/cmake -E cmake_progress_report /home/sri/Triangulate/uncomp/hedcut-master/hedcut-master/hedcuter/code/CMakeFiles/CMakeTmp/CMakeFiles 1
Building C object CMakeFiles/cmTryCompileExec1004683159.dir/CheckFunctionExists.c.o
/usr/bin/cc   -DCHECK_FUNCTION_EXISTS=IceConnectionNumber   -o CMakeFiles/cmTryCompileExec1004683159.dir/CheckFunctionExists.c.o   -c /usr/share/cmake-2.8/Modules/CheckFunctionExists.c
Linking C executable cmTryCompileExec1004683159
/usr/bin/cmake -E cmake_link_script CMakeFiles/cmTryCompileExec1004683159.dir/link.txt --verbose=1
/usr/bin/cc   -DCHECK_FUNCTION_EXISTS=IceConnectionNumber    CMakeFiles/cmTryCompileExec1004683159.dir/CheckFunctionExists.c.o  -o cmTryCompileExec1004683159 -rdynamic -lICE 
make[1]: Leaving directory `/home/sri/Triangulate/uncomp/hedcut-master/hedcut-master/hedcuter/code/CMakeFiles/CMakeTmp'


Determining if the function XOpenDisplay exists in the /usr/lib/x86_64-linux-gnu/libX11.so;/usr/lib/x86_64-linux-gnu/libXext.so passed with the following output:
Change Dir: /home/sri/hedcut-master2/hedcuter_improve/code/CMakeFiles/CMakeTmp

Run Build Command:/usr/bin/make "cmTryCompileExec4233516445/fast"
/usr/bin/make -f CMakeFiles/cmTryCompileExec4233516445.dir/build.make CMakeFiles/cmTryCompileExec4233516445.dir/build
make[1]: Entering directory `/home/sri/hedcut-master2/hedcuter_improve/code/CMakeFiles/CMakeTmp'
/usr/bin/cmake -E cmake_progress_report /home/sri/hedcut-master2/hedcuter_improve/code/CMakeFiles/CMakeTmp/CMakeFiles 1
Building C object CMakeFiles/cmTryCompileExec4233516445.dir/CheckFunctionExists.c.o
/usr/bin/cc   -DCHECK_FUNCTION_EXISTS=XOpenDisplay   -o CMakeFiles/cmTryCompileExec4233516445.dir/CheckFunctionExists.c.o   -c /usr/share/cmake-2.8/Modules/CheckFunctionExists.c
Linking C executable cmTryCompileExec4233516445
/usr/bin/cmake -E cmake_link_script CMakeFiles/cmTryCompileExec4233516445.dir/link.txt --verbose=1
/usr/bin/cc   -DCHECK_FUNCTION_EXISTS=XOpenDisplay    CMakeFiles/cmTryCompileExec4233516445.dir/CheckFunctionExists.c.o  -o cmTryCompileExec4233516445 -rdynamic -lX11 -lXext 
make[1]: Leaving directory `/home/sri/hedcut-master2/hedcuter_improve/code/CMakeFiles/CMakeTmp'


Determining if the function gethostbyname exists passed with the following output:
Change Dir: /home/sri/hedcut-master2/hedcuter_improve/code/CMakeFiles/CMakeTmp

Run Build Command:/usr/bin/make "cmTryCompileExec3958619286/fast"
/usr/bin/make -f CMakeFiles/cmTryCompileExec3958619286.dir/build.make CMakeFiles/cmTryCompileExec3958619286.dir/build
make[1]: Entering directory `/home/sri/hedcut-master2/hedcuter_improve/code/CMakeFiles/CMakeTmp'
/usr/bin/cmake -E cmake_progress_report /home/sri/hedcut-master2/hedcuter_improve/code/CMakeFiles/CMakeTmp/CMakeFiles 1
Building C object CMakeFiles/cmTryCompileExec3958619286.dir/CheckFunctionExists.c.o
/usr/bin/cc   -DCHECK_FUNCTION_EXISTS=gethostbyname   -o CMakeFiles/cmTryCompileExec3958619286.dir/CheckFunctionExists.c.o   -c /usr/share/cmake-2.8/Modules/CheckFunctionExists.c
Linking C executable cmTryCompileExec3958619286
/usr/bin/cmake -E cmake_link_script CMakeFiles/cmTryCompileExec3958619286.dir/link.txt --verbose=1
/usr/bin/cc   -DCHECK_FUNCTION_EXISTS=gethostbyname    CMakeFiles/cmTryCompileExec3958619286.dir/CheckFunctionExists.c.o  -o cmTryCompileExec3958619286 -rdynamic 
make[1]: Leaving directory `/home/sri/hedcut-master2/hedcuter_improve/code/CMakeFiles/CMakeTmp'


Determining if the function connect exists passed with the following output:
Change Dir: /home/sri/hedcut-master2/hedcuter_improve/code/CMakeFiles/CMakeTmp

Run Build Command:/usr/bin/make "cmTryCompileExec86153651/fast"
/usr/bin/make -f CMakeFiles/cmTryCompileExec86153651.dir/build.make CMakeFiles/cmTryCompileExec86153651.dir/build
make[1]: Entering directory `/home/sri/hedcut-master2/hedcuter_improve/code/CMakeFiles/CMakeTmp'
/usr/bin/cmake -E cmake_progress_report /home/sri/hedcut-master2/hedcuter_improve/code/CMakeFiles/CMakeTmp/CMakeFiles 1
Building C object CMakeFiles/cmTryCompileExec86153651.dir/CheckFunctionExists.c.o
/usr/bin/cc   -DCHECK_FUNCTION_EXISTS=connect   -o CMakeFiles/cmTryCompileExec86153651.dir/CheckFunctionExists.c.o   -c /usr/share/cmake-2.8/Modules/CheckFunctionExists.c
Linking C executable cmTryCompileExec86153651
/usr/bin/cmake -E cmake_link_script CMakeFiles/cmTryCompileExec86153651.dir/link.txt --verbose=1
/usr/bin/cc   -DCHECK_FUNCTION_EXISTS=connect    CMakeFiles/cmTryCompileExec86153651.dir/CheckFunctionExists.c.o  -o cmTryCompileExec86153651 -rdynamic 
make[1]: Leaving directory `/home/sri/hedcut-master2/hedcuter_improve/code/CMakeFiles/CMakeTmp'


Determining if the function remove exists passed with the following output:
Change Dir: /home/sri/hedcut-master2/hedcuter_improve/code/CMakeFiles/CMakeTmp

Run Build Command:/usr/bin/make "cmTryCompileExec749756025/fast"
/usr/bin/make -f CMakeFiles/cmTryCompileExec749756025.dir/build.make CMakeFiles/cmTryCompileExec749756025.dir/build
make[1]: Entering directory `/home/sri/hedcut-master2/hedcuter_improve/code/CMakeFiles/CMakeTmp'
/usr/bin/cmake -E cmake_progress_report /home/sri/hedcut-master2/hedcuter_improve/code/CMakeFiles/CMakeTmp/CMakeFiles 1
Building C object CMakeFiles/cmTryCompileExec749756025.dir/CheckFunctionExists.c.o
/usr/bin/cc   -DCHECK_FUNCTION_EXISTS=remove   -o CMakeFiles/cmTryCompileExec749756025.dir/CheckFunctionExists.c.o   -c /usr/share/cmake-2.8/Modules/CheckFunctionExists.c
Linking C executable cmTryCompileExec749756025
/usr/bin/cmake -E cmake_link_script CMakeFiles/cmTryCompileExec749756025.dir/link.txt --verbose=1
/usr/bin/cc   -DCHECK_FUNCTION_EXISTS=remove    CMakeFiles/cmTryCompileExec749756025.dir/CheckFunctionExists.c.o  -o cmTryCompileExec749756025 -rdynamic 
make[1]: Leaving directory `/home/sri/hedcut-master2/hedcuter_improve/code/CMakeFiles/CMakeTmp'


Determining if the function shmat exists passed with the following output:
Change Dir: /home/sri/hedcut-master2/hedcuter_improve/code/CMakeFiles/CMakeTmp

Run Build Command:/usr/bin/make "cmTryCompileExec2581170865/fast"
/usr/bin/make -f CMakeFiles/cmTryCompileExec2581170865.dir/build.make CMakeFiles/cmTryCompileExec2581170865.dir/build
make[1]: Entering directory `/home/sri/hedcut-master2/hedcuter_improve/code/CMakeFiles/CMakeTmp'
/usr/bin/cmake -E cmake_progress_report /home/sri/hedcut-master2/hedcuter_improve/code/CMakeFiles/CMakeTmp/CMakeFiles 1
Building C object CMakeFiles/cmTryCompileExec2581170865.dir/CheckFunctionExists.c.o
/usr/bin/cc   -DCHECK_FUNCTION_EXISTS=shmat   -o CMakeFiles/cmTryCompileExec2581170865.dir/CheckFunctionExists.c.o   -c /usr/share/cmake-2.8/Modules/CheckFunctionExists.c
Linking C executable cmTryCompileExec2581170865
/usr/bin/cmake -E cmake_link_script CMakeFiles/cmTryCompileExec2581170865.dir/link.txt --verbose=1
/usr/bin/cc   -DCHECK_FUNCTION_EXISTS=shmat    CMakeFiles/cmTryCompileExec2581170865.dir/CheckFunctionExists.c.o  -o cmTryCompileExec2581170865 -rdynamic 
make[1]: Leaving directory `/home/sri/hedcut-master2/hedcuter_improve/code/CMakeFiles/CMakeTmp'


Determining if the function IceConnectionNumber exists in the ICE passed with the following output:
Change Dir: /home/sri/hedcut-master2/hedcuter_improve/code/CMakeFiles/CMakeTmp

Run Build Command:/usr/bin/make "cmTryCompileExec2174932156/fast"
/usr/bin/make -f CMakeFiles/cmTryCompileExec2174932156.dir/build.make CMakeFiles/cmTryCompileExec2174932156.dir/build
make[1]: Entering directory `/home/sri/hedcut-master2/hedcuter_improve/code/CMakeFiles/CMakeTmp'
/usr/bin/cmake -E cmake_progress_report /home/sri/hedcut-master2/hedcuter_improve/code/CMakeFiles/CMakeTmp/CMakeFiles 1
Building C object CMakeFiles/cmTryCompileExec2174932156.dir/CheckFunctionExists.c.o
/usr/bin/cc   -DCHECK_FUNCTION_EXISTS=IceConnectionNumber   -o CMakeFiles/cmTryCompileExec2174932156.dir/CheckFunctionExists.c.o   -c /usr/share/cmake-2.8/Modules/CheckFunctionExists.c
Linking C executable cmTryCompileExec2174932156
/usr/bin/cmake -E cmake_link_script CMakeFiles/cmTryCompileExec2174932156.dir/link.txt --verbose=1
/usr/bin/cc   -DCHECK_FUNCTION_EXISTS=IceConnectionNumber    CMakeFiles/cmTryCompileExec2174932156.dir/CheckFunctionExists.c.o  -o cmTryCompileExec2174932156 -rdynamic -lICE 
make[1]: Leaving directory `/home/sri/hedcut-master2/hedcuter_improve/code/CMakeFiles/CMakeTmp'


Determining if the function XOpenDisplay exists in the /usr/lib/x86_64-linux-gnu/libX11.so;/usr/lib/x86_64-linux-gnu/libXext.so passed with the following output:
Change Dir: /home/sri/hedcut-master2/hedcuter_improve/code/CMakeFiles/CMakeTmp

Run Build Command:/usr/bin/make "cmTryCompileExec1061257277/fast"
/usr/bin/make -f CMakeFiles/cmTryCompileExec1061257277.dir/build.make CMakeFiles/cmTryCompileExec1061257277.dir/build
make[1]: Entering directory `/home/sri/hedcut-master2/hedcuter_improve/code/CMakeFiles/CMakeTmp'
/usr/bin/cmake -E cmake_progress_report /home/sri/hedcut-master2/hedcuter_improve/code/CMakeFiles/CMakeTmp/CMakeFiles 1
Building C object CMakeFiles/cmTryCompileExec1061257277.dir/CheckFunctionExists.c.o
/usr/bin/cc   -DCHECK_FUNCTION_EXISTS=XOpenDisplay   -o CMakeFiles/cmTryCompileExec1061257277.dir/CheckFunctionExists.c.o   -c /usr/share/cmake-2.8/Modules/CheckFunctionExists.c
Linking C executable cmTryCompileExec1061257277
/usr/bin/cmake -E cmake_link_script CMakeFiles/cmTryCompileExec1061257277.dir/link.txt --verbose=1
/usr/bin/cc   -DCHECK_FUNCTION_EXISTS=XOpenDisplay    CMakeFiles/cmTryCompileExec1061257277.dir/CheckFunctionExists.c.o  -o cmTryCompileExec1061257277 -rdynamic -lX11 -lXext 
make[1]: Leaving directory `/home/sri/hedcut-master2/hedcuter_improve/code/CMakeFiles/CMakeTmp'


Determining if the function gethostbyname exists passed with the following output:
Change Dir: /home/sri/hedcut-master2/hedcuter_improve/code/CMakeFiles/CMakeTmp

Run Build Command:/usr/bin/make "cmTryCompileExec58204024/fast"
/usr/bin/make -f CMakeFiles/cmTryCompileExec58204024.dir/build.make CMakeFiles/cmTryCompileExec58204024.dir/build
make[1]: Entering directory `/home/sri/hedcut-master2/hedcuter_improve/code/CMakeFiles/CMakeTmp'
/usr/bin/cmake -E cmake_progress_report /home/sri/hedcut-master2/hedcuter_improve/code/CMakeFiles/CMakeTmp/CMakeFiles 1
Building C object CMakeFiles/cmTryCompileExec58204024.dir/CheckFunctionExists.c.o
/usr/bin/cc   -DCHECK_FUNCTION_EXISTS=gethostbyname   -o CMakeFiles/cmTryCompileExec58204024.dir/CheckFunctionExists.c.o   -c /usr/share/cmake-2.8/Modules/CheckFunctionExists.c
Linking C executable cmTryCompileExec58204024
/usr/bin/cmake -E cmake_link_script CMakeFiles/cmTryCompileExec58204024.dir/link.txt --verbose=1
/usr/bin/cc   -DCHECK_FUNCTION_EXISTS=gethostbyname    CMakeFiles/cmTryCompileExec58204024.dir/CheckFunctionExists.c.o  -o cmTryCompileExec58204024 -rdynamic 
make[1]: Leaving directory `/home/sri/hedcut-master2/hedcuter_improve/code/CMakeFiles/CMakeTmp'


Determining if the function connect exists passed with the following output:
Change Dir: /home/sri/hedcut-master2/hedcuter_improve/code/CMakeFiles/CMakeTmp

Run Build Command:/usr/bin/make "cmTryCompileExec1184849540/fast"
/usr/bin/make -f CMakeFiles/cmTryCompileExec1184849540.dir/build.make CMakeFiles/cmTryCompileExec1184849540.dir/build
make[1]: Entering directory `/home/sri/hedcut-master2/hedcuter_improve/code/CMakeFiles/CMakeTmp'
/usr/bin/cmake -E cmake_progress_report /home/sri/hedcut-master2/hedcuter_improve/code/CMakeFiles/CMakeTmp/CMakeFiles 1
Building C object CMakeFiles/cmTryCompileExec1184849540.dir/CheckFunctionExists.c.o
/usr/bin/cc   -DCHECK_FUNCTION_EXISTS=connect   -o CMakeFiles/cmTryCompileExec1184849540.dir/CheckFunctionExists.c.o   -c /usr/share/cmake-2.8/Modules/CheckFunctionExists.c
Linking C executable cmTryCompileExec1184849540
/usr/bin/cmake -E cmake_link_script CMakeFiles/cmTryCompileExec1184849540.dir/link.txt --verbose=1
/usr/bin/cc   -DCHECK_FUNCTION_EXISTS=connect    CMakeFiles/cmTryCompileExec1184849540.dir/CheckFunctionExists.c.o  -o cmTryCompileExec1184849540 -rdynamic 
make[1]: Leaving directory `/home/sri/hedcut-master2/hedcuter_improve/code/CMakeFiles/CMakeTmp'


Determining if the function remove exists passed with the following output:
Change Dir: /home/sri/hedcut-master2/hedcuter_improve/code/CMakeFiles/CMakeTmp

Run Build Command:/usr/bin/make "cmTryCompileExec2103378255/fast"
/usr/bin/make -f CMakeFiles/cmTryCompileExec2103378255.dir/build.make CMakeFiles/cmTryCompileExec2103378255.dir/build
make[1]: Entering directory `/home/sri/hedcut-master2/hedcuter_improve/code/CMakeFiles/CMakeTmp'
/usr/bin/cmake -E cmake_progress_report /home/sri/hedcut-master2/hedcuter_improve/code/CMakeFiles/CMakeTmp/CMakeFiles 1
Building C object CMakeFiles/cmTryCompileExec2103378255.dir/CheckFunctionExists.c.o
/usr/bin/cc   -DCHECK_FUNCTION_EXISTS=remove   -o CMakeFiles/cmTryCompileExec2103378255.dir/CheckFunctionExists.c.o   -c /usr/share/cmake-2.8/Modules/CheckFunctionExists.c
Linking C executable cmTryCompileExec2103378255
/usr/bin/cmake -E cmake_link_script CMakeFiles/cmTryCompileExec2103378255.dir/link.txt --verbose=1
/usr/bin/cc   -DCHECK_FUNCTION_EXISTS=remove    CMakeFiles/cmTryCompileExec2103378255.dir/CheckFunctionExists.c.o  -o cmTryCompileExec2103378255 -rdynamic 
make[1]: Leaving directory `/home/sri/hedcut-master2/hedcuter_improve/code/CMakeFiles/CMakeTmp'


Determining if the function shmat exists passed with the following output:
Change Dir: /home/sri/hedcut-master2/hedcuter_improve/code/CMakeFiles/CMakeTmp

Run Build Command:/usr/bin/make "cmTryCompileExec3199458327/fast"
/usr/bin/make -f CMakeFiles/cmTryCompileExec3199458327.dir/build.make CMakeFiles/cmTryCompileExec3199458327.dir/build
make[1]: Entering directory `/home/sri/hedcut-master2/hedcuter_improve/code/CMakeFiles/CMakeTmp'
/usr/bin/cmake -E cmake_progress_report /home/sri/hedcut-master2/hedcuter_improve/code/CMakeFiles/CMakeTmp/CMakeFiles 1
Building C object CMakeFiles/cmTryCompileExec3199458327.dir/CheckFunctionExists.c.o
/usr/bin/cc   -DCHECK_FUNCTION_EXISTS=shmat   -o CMakeFiles/cmTryCompileExec3199458327.dir/CheckFunctionExists.c.o   -c /usr/share/cmake-2.8/Modules/CheckFunctionExists.c
Linking C executable cmTryCompileExec3199458327
/usr/bin/cmake -E cmake_link_script CMakeFiles/cmTryCompileExec3199458327.dir/link.txt --verbose=1
/usr/bin/cc   -DCHECK_FUNCTION_EXISTS=shmat    CMakeFiles/cmTryCompileExec3199458327.dir/CheckFunctionExists.c.o  -o cmTryCompileExec3199458327 -rdynamic 
make[1]: Leaving directory `/home/sri/hedcut-master2/hedcuter_improve/code/CMakeFiles/CMakeTmp'


Determining if the function IceConnectionNumber exists in the ICE passed with the following output:
Change Dir: /home/sri/hedcut-master2/hedcuter_improve/code/CMakeFiles/CMakeTmp

Run Build Command:/usr/bin/make "cmTryCompileExec682515106/fast"
/usr/bin/make -f CMakeFiles/cmTryCompileExec682515106.dir/build.make CMakeFiles/cmTryCompileExec682515106.dir/build
make[1]: Entering directory `/home/sri/hedcut-master2/hedcuter_improve/code/CMakeFiles/CMakeTmp'
/usr/bin/cmake -E cmake_progress_report /home/sri/hedcut-master2/hedcuter_improve/code/CMakeFiles/CMakeTmp/CMakeFiles 1
Building C object CMakeFiles/cmTryCompileExec682515106.dir/CheckFunctionExists.c.o
/usr/bin/cc   -DCHECK_FUNCTION_EXISTS=IceConnectionNumber   -o CMakeFiles/cmTryCompileExec682515106.dir/CheckFunctionExists.c.o   -c /usr/share/cmake-2.8/Modules/CheckFunctionExists.c
Linking C executable cmTryCompileExec682515106
/usr/bin/cmake -E cmake_link_script CMakeFiles/cmTryCompileExec682515106.dir/link.txt --verbose=1
/usr/bin/cc   -DCHECK_FUNCTION_EXISTS=IceConnectionNumber    CMakeFiles/cmTryCompileExec682515106.dir/CheckFunctionExists.c.o  -o cmTryCompileExec682515106 -rdynamic -lICE 
make[1]: Leaving directory `/home/sri/hedcut-master2/hedcuter_improve/code/CMakeFiles/CMakeTmp'


Determining if the function XOpenDisplay exists in the /usr/lib/x86_64-linux-gnu/libX11.so;/usr/lib/x86_64-linux-gnu/libXext.so passed with the following output:
Change Dir: /home/sri/Triangulate/uncomp/hedcut-master/hedcut-master/hedcuter_improve/code/CMakeFiles/CMakeTmp

Run Build Command:/usr/bin/make "cmTryCompileExec1667873730/fast"
/usr/bin/make -f CMakeFiles/cmTryCompileExec1667873730.dir/build.make CMakeFiles/cmTryCompileExec1667873730.dir/build
make[1]: Entering directory `/home/sri/Triangulate/uncomp/hedcut-master/hedcut-master/hedcuter_improve/code/CMakeFiles/CMakeTmp'
/usr/bin/cmake -E cmake_progress_report /home/sri/Triangulate/uncomp/hedcut-master/hedcut-master/hedcuter_improve/code/CMakeFiles/CMakeTmp/CMakeFiles 1
Building C object CMakeFiles/cmTryCompileExec1667873730.dir/CheckFunctionExists.c.o
/usr/bin/cc   -DCHECK_FUNCTION_EXISTS=XOpenDisplay   -o CMakeFiles/cmTryCompileExec1667873730.dir/CheckFunctionExists.c.o   -c /usr/share/cmake-2.8/Modules/CheckFunctionExists.c
Linking C executable cmTryCompileExec1667873730
/usr/bin/cmake -E cmake_link_script CMakeFiles/cmTryCompileExec1667873730.dir/link.txt --verbose=1
/usr/bin/cc   -DCHECK_FUNCTION_EXISTS=XOpenDisplay    CMakeFiles/cmTryCompileExec1667873730.dir/CheckFunctionExists.c.o  -o cmTryCompileExec1667873730 -rdynamic -lX11 -lXext 
make[1]: Leaving directory `/home/sri/Triangulate/uncomp/hedcut-master/hedcut-master/hedcuter_improve/code/CMakeFiles/CMakeTmp'


Determining if the function gethostbyname exists passed with the following output:
Change Dir: /home/sri/Triangulate/uncomp/hedcut-master/hedcut-master/hedcuter_improve/code/CMakeFiles/CMakeTmp

Run Build Command:/usr/bin/make "cmTryCompileExec524216406/fast"
/usr/bin/make -f CMakeFiles/cmTryCompileExec524216406.dir/build.make CMakeFiles/cmTryCompileExec524216406.dir/build
make[1]: Entering directory `/home/sri/Triangulate/uncomp/hedcut-master/hedcut-master/hedcuter_improve/code/CMakeFiles/CMakeTmp'
/usr/bin/cmake -E cmake_progress_report /home/sri/Triangulate/uncomp/hedcut-master/hedcut-master/hedcuter_improve/code/CMakeFiles/CMakeTmp/CMakeFiles 1
Building C object CMakeFiles/cmTryCompileExec524216406.dir/CheckFunctionExists.c.o
/usr/bin/cc   -DCHECK_FUNCTION_EXISTS=gethostbyname   -o CMakeFiles/cmTryCompileExec524216406.dir/CheckFunctionExists.c.o   -c /usr/share/cmake-2.8/Modules/CheckFunctionExists.c
Linking C executable cmTryCompileExec524216406
/usr/bin/cmake -E cmake_link_script CMakeFiles/cmTryCompileExec524216406.dir/link.txt --verbose=1
/usr/bin/cc   -DCHECK_FUNCTION_EXISTS=gethostbyname    CMakeFiles/cmTryCompileExec524216406.dir/CheckFunctionExists.c.o  -o cmTryCompileExec524216406 -rdynamic 
make[1]: Leaving directory `/home/sri/Triangulate/uncomp/hedcut-master/hedcut-master/hedcuter_improve/code/CMakeFiles/CMakeTmp'


Determining if the function connect exists passed with the following output:
Change Dir: /home/sri/Triangulate/uncomp/hedcut-master/hedcut-master/hedcuter_improve/code/CMakeFiles/CMakeTmp

Run Build Command:/usr/bin/make "cmTryCompileExec1016712598/fast"
/usr/bin/make -f CMakeFiles/cmTryCompileExec1016712598.dir/build.make CMakeFiles/cmTryCompileExec1016712598.dir/build
make[1]: Entering directory `/home/sri/Triangulate/uncomp/hedcut-master/hedcut-master/hedcuter_improve/code/CMakeFiles/CMakeTmp'
/usr/bin/cmake -E cmake_progress_report /home/sri/Triangulate/uncomp/hedcut-master/hedcut-master/hedcuter_improve/code/CMakeFiles/CMakeTmp/CMakeFiles 1
Building C object CMakeFiles/cmTryCompileExec1016712598.dir/CheckFunctionExists.c.o
/usr/bin/cc   -DCHECK_FUNCTION_EXISTS=connect   -o CMakeFiles/cmTryCompileExec1016712598.dir/CheckFunctionExists.c.o   -c /usr/share/cmake-2.8/Modules/CheckFunctionExists.c
Linking C executable cmTryCompileExec1016712598
/usr/bin/cmake -E cmake_link_script CMakeFiles/cmTryCompileExec1016712598.dir/link.txt --verbose=1
/usr/bin/cc   -DCHECK_FUNCTION_EXISTS=connect    CMakeFiles/cmTryCompileExec1016712598.dir/CheckFunctionExists.c.o  -o cmTryCompileExec1016712598 -rdynamic 
make[1]: Leaving directory `/home/sri/Triangulate/uncomp/hedcut-master/hedcut-master/hedcuter_improve/code/CMakeFiles/CMakeTmp'


Determining if the function remove exists passed with the following output:
Change Dir: /home/sri/Triangulate/uncomp/hedcut-master/hedcut-master/hedcuter_improve/code/CMakeFiles/CMakeTmp

Run Build Command:/usr/bin/make "cmTryCompileExec3845016594/fast"
/usr/bin/make -f CMakeFiles/cmTryCompileExec3845016594.dir/build.make CMakeFiles/cmTryCompileExec3845016594.dir/build
make[1]: Entering directory `/home/sri/Triangulate/uncomp/hedcut-master/hedcut-master/hedcuter_improve/code/CMakeFiles/CMakeTmp'
/usr/bin/cmake -E cmake_progress_report /home/sri/Triangulate/uncomp/hedcut-master/hedcut-master/hedcuter_improve/code/CMakeFiles/CMakeTmp/CMakeFiles 1
Building C object CMakeFiles/cmTryCompileExec3845016594.dir/CheckFunctionExists.c.o
/usr/bin/cc   -DCHECK_FUNCTION_EXISTS=remove   -o CMakeFiles/cmTryCompileExec3845016594.dir/CheckFunctionExists.c.o   -c /usr/share/cmake-2.8/Modules/CheckFunctionExists.c
Linking C executable cmTryCompileExec3845016594
/usr/bin/cmake -E cmake_link_script CMakeFiles/cmTryCompileExec3845016594.dir/link.txt --verbose=1
/usr/bin/cc   -DCHECK_FUNCTION_EXISTS=remove    CMakeFiles/cmTryCompileExec3845016594.dir/CheckFunctionExists.c.o  -o cmTryCompileExec3845016594 -rdynamic 
make[1]: Leaving directory `/home/sri/Triangulate/uncomp/hedcut-master/hedcut-master/hedcuter_improve/code/CMakeFiles/CMakeTmp'


Determining if the function shmat exists passed with the following output:
Change Dir: /home/sri/Triangulate/uncomp/hedcut-master/hedcut-master/hedcuter_improve/code/CMakeFiles/CMakeTmp

Run Build Command:/usr/bin/make "cmTryCompileExec285989496/fast"
/usr/bin/make -f CMakeFiles/cmTryCompileExec285989496.dir/build.make CMakeFiles/cmTryCompileExec285989496.dir/build
make[1]: Entering directory `/home/sri/Triangulate/uncomp/hedcut-master/hedcut-master/hedcuter_improve/code/CMakeFiles/CMakeTmp'
/usr/bin/cmake -E cmake_progress_report /home/sri/Triangulate/uncomp/hedcut-master/hedcut-master/hedcuter_improve/code/CMakeFiles/CMakeTmp/CMakeFiles 1
Building C object CMakeFiles/cmTryCompileExec285989496.dir/CheckFunctionExists.c.o
/usr/bin/cc   -DCHECK_FUNCTION_EXISTS=shmat   -o CMakeFiles/cmTryCompileExec285989496.dir/CheckFunctionExists.c.o   -c /usr/share/cmake-2.8/Modules/CheckFunctionExists.c
Linking C executable cmTryCompileExec285989496
/usr/bin/cmake -E cmake_link_script CMakeFiles/cmTryCompileExec285989496.dir/link.txt --verbose=1
/usr/bin/cc   -DCHECK_FUNCTION_EXISTS=shmat    CMakeFiles/cmTryCompileExec285989496.dir/CheckFunctionExists.c.o  -o cmTryCompileExec285989496 -rdynamic 
make[1]: Leaving directory `/home/sri/Triangulate/uncomp/hedcut-master/hedcut-master/hedcuter_improve/code/CMakeFiles/CMakeTmp'


Determining if the function IceConnectionNumber exists in the ICE passed with the following output:
Change Dir: /home/sri/Triangulate/uncomp/hedcut-master/hedcut-master/hedcuter_improve/code/CMakeFiles/CMakeTmp

Run Build Command:/usr/bin/make "cmTryCompileExec1013367063/fast"
/usr/bin/make -f CMakeFiles/cmTryCompileExec1013367063.dir/build.make CMakeFiles/cmTryCompileExec1013367063.dir/build
make[1]: Entering directory `/home/sri/Triangulate/uncomp/hedcut-master/hedcut-master/hedcuter_improve/code/CMakeFiles/CMakeTmp'
/usr/bin/cmake -E cmake_progress_report /home/sri/Triangulate/uncomp/hedcut-master/hedcut-master/hedcuter_improve/code/CMakeFiles/CMakeTmp/CMakeFiles 1
Building C object CMakeFiles/cmTryCompileExec1013367063.dir/CheckFunctionExists.c.o
/usr/bin/cc   -DCHECK_FUNCTION_EXISTS=IceConnectionNumber   -o CMakeFiles/cmTryCompileExec1013367063.dir/CheckFunctionExists.c.o   -c /usr/share/cmake-2.8/Modules/CheckFunctionExists.c
Linking C executable cmTryCompileExec1013367063
/usr/bin/cmake -E cmake_link_script CMakeFiles/cmTryCompileExec1013367063.dir/link.txt --verbose=1
/usr/bin/cc   -DCHECK_FUNCTION_EXISTS=IceConnectionNumber    CMakeFiles/cmTryCompileExec1013367063.dir/CheckFunctionExists.c.o  -o cmTryCompileExec1013367063 -rdynamic -lICE 
make[1]: Leaving directory `/home/sri/Triangulate/uncomp/hedcut-master/hedcut-master/hedcuter_improve/code/CMakeFiles/CMakeTmp'


